Arguments: 
  /opt/homebrew/Cellar/node@16/16.20.0/bin/node /usr/local/bin/yarn

PATH: 
  /Users/localitysoftwaresolutionsinc./.rvm/gems/ruby-2.7.6/bin:/Users/localitysoftwaresolutionsinc./.rvm/gems/ruby-2.7.6@global/bin:/Users/localitysoftwaresolutionsinc./.rvm/rubies/ruby-2.7.6/bin:/opt/homebrew/opt/node@16/bin:/Users/localitysoftwaresolutionsinc./.rbenv/bin:/Users/localitysoftwaresolutionsinc./.rbenv/shims:/Users/localitysoftwaresolutionsinc./.rbenv/bin:/Users/localitysoftwaresolutionsinc./.rbenv/shims:/Users/localitysoftwaresolutionsinc./.rbenv/bin:/usr/local/bin:/System/Cryptexes/App/usr/bin:/usr/bin:/bin:/usr/sbin:/sbin:/Library/Apple/usr/bin:/opt/homebrew/bin:/opt/homebrew/bin:/Users/localitysoftwaresolutionsinc./.rvm/bin:/Users/localitysoftwaresolutionsinc./Library/Android/sdk/emulator:/Users/localitysoftwaresolutionsinc./Library/Android/sdk/platform-tools

Yarn version: 
  1.22.19

Node version: 
  16.20.0

Platform: 
  darwin arm64

Trace: 
  Error: https://registry.yarnpkg.com/@stripe%2fstripe-react-native: Not found
      at Request.params.callback [as _callback] (/usr/local/lib/node_modules/yarn/lib/cli.js:66145:18)
      at Request.self.callback (/usr/local/lib/node_modules/yarn/lib/cli.js:140890:22)
      at Request.emit (node:events:513:28)
      at Request.<anonymous> (/usr/local/lib/node_modules/yarn/lib/cli.js:141862:10)
      at Request.emit (node:events:513:28)
      at IncomingMessage.<anonymous> (/usr/local/lib/node_modules/yarn/lib/cli.js:141784:12)
      at Object.onceWrapper (node:events:627:28)
      at IncomingMessage.emit (node:events:525:35)
      at endReadableNT (node:internal/streams/readable:1358:12)
      at processTicksAndRejections (node:internal/process/task_queues:83:21)

npm manifest: 
  {
    "name": "locality-contractor",
    "version": "1.0.0",
    "main": "node_modules/expo/AppEntry.js",
    "scripts": {
      "start": "expo start",
      "android": "expo start --android",
      "ios": "expo start --ios",
      "web": "expo start --web"
    },
    "dependencies": {
      "@react-native-async-storage/async-storage": "1.17.11",
      "@react-native-community/datetimepicker": "6.7.3",
      "@react-navigation/bottom-tabs": "^6.4.0",
      "@react-navigation/drawer": "^6.5.0",
      "@react-navigation/native": "^6.0.11",
      "@react-navigation/native-stack": "^6.7.0",
      "@reduxjs/toolkit": "^1.8.3",
      "@stripe/stripe-react-native": "0.23.3",
      "axios": "^1.2.5",
      "dotenv": "^16.0.3",
      "expo": "~48.0.15",
      "expo-build-properties": "~0.6.0",
      "expo-dev-client": "~2.2.1",
      "expo-device": "~5.2.1",
      "expo-document-picker": "~11.2.2",
      "expo-font": "~11.1.1",
      "expo-image-multiple-picker": "^4.8.3",
      "expo-image-picker": "~14.1.1",
      "expo-linear-gradient": "~12.1.2",
      "expo-location": "~15.1.1",
      "expo-media-library": "~15.2.3",
      "expo-notifications": "~0.18.1",
      "expo-splash-screen": "~0.18.2",
      "expo-status-bar": "~1.4.4",
      "formik": "^2.2.9",
      "moment": "^2.29.4",
      "native-base": "^3.4.28",
      "react": "18.2.0",
      "react-dom": "18.2.0",
      "react-native": "0.71.8",
      "react-native-beautiful-timeline": "^1.0.1",
      "react-native-confirmation-code-field": "^7.3.1",
      "react-native-curved-bottom-bar": "^2.1.4",
      "react-native-dropdown-select-list": "^2.0.4",
      "react-native-gesture-handler": "~2.9.0",
      "react-native-gifted-chat": "^1.0.4",
      "react-native-just-timeline": "^0.0.2",
      "react-native-modal-datetime-picker": "^14.0.0",
      "react-native-onboarding-swiper": "^1.2.0",
      "react-native-pager-view": "6.1.2",
      "react-native-progress": "^5.0.0",
      "react-native-progress-steps": "^1.3.4",
      "react-native-ratings": "^8.1.0",
      "react-native-reanimated": "~2.14.4",
      "react-native-responsive-screen": "^1.4.2",
      "react-native-safe-area-context": "4.5.0",
      "react-native-screens": "~3.20.0",
      "react-native-stepper-ui": "^0.0.9",
      "react-native-svg": "13.4.0",
      "react-native-swipe-list-view": "^3.2.9",
      "react-native-swipeable-list": "^0.1.2",
      "react-native-tab-view": "^3.3.0",
      "react-native-tags-input": "^1.0.10",
      "react-native-toast-message": "^2.1.5",
      "react-native-web": "~0.18.11",
      "react-native-webview": "11.26.0",
      "react-redux": "^8.0.2",
      "redux-persist": "^6.0.0",
      "rn-swipeable-panel": "^1.2.7",
      "socket.io-client": "^4.6.1",
      "yup": "^1.1.1"
    },
    "devDependencies": {
      "@babel/core": "^7.20.0"
    },
    "private": true
  }

yarn manifest: 
  No manifest

Lockfile: 
  No lockfile
